<?xml version="1.0" encoding="UTF-8"?>
<testng-results skipped="0" failed="0" ignored="0" total="1" passed="1">
  <reporter-output>
  </reporter-output>
  <suite name="Default suite" duration-ms="45850" started-at="2023-12-23T20:47:00 CET" finished-at="2023-12-23T20:47:46 CET">
    <groups>
    </groups>
    <test name="Default test" duration-ms="45850" started-at="2023-12-23T20:47:00 CET" finished-at="2023-12-23T20:47:46 CET">
      <class name="com.leaftaps.testcases.Login">
        <test-method status="PASS" signature="loginTests()[pri:0, instance:com.leaftaps.testcases.Login@6a1aab78]" name="loginTests" duration-ms="45813" started-at="2023-12-23T20:47:00 CET" finished-at="2023-12-23T20:47:45 CET">
          <reporter-output>
          </reporter-output>
        </test-method> <!-- loginTests -->
      </class> <!-- com.leaftaps.testcases.Login -->
    </test> <!-- Default test -->
  </suite> <!-- Default suite -->
</testng-results>
